<?xml version="1.0" encoding="UTF-8"?>
<coverage generated="1525997319680" clover="3.2.0">
  <project timestamp="1525997319680" name="All files">
    <metrics statements="20" coveredstatements="1" conditionals="2" coveredconditionals="0" methods="10" coveredmethods="1" elements="32" coveredelements="2" complexity="0" loc="20" ncloc="20" packages="2" files="3" classes="3">
      <package name="src">
        <metrics statements="3" coveredstatements="0" conditionals="0" coveredconditionals="0" methods="2" coveredmethods="0"/>
        <file name="App.vue" path="/Users/mikey/Desktop/cse112-placeholder-name/src/App.vue">
          <metrics statements="3" coveredstatements="0" conditionals="0" coveredconditionals="0" methods="2" coveredmethods="0"/>
          <line num="8" count="0" type="stmt"/>
          <line num="9" count="0" type="stmt"/>
          <line num="19" count="0" type="stmt"/>
        </file>
      </package>
      <package name="src.components">
        <metrics statements="17" coveredstatements="1" conditionals="2" coveredconditionals="0" methods="8" coveredmethods="1"/>
        <file name="HelloWorld.vue" path="/Users/mikey/Desktop/cse112-placeholder-name/src/components/HelloWorld.vue">
          <metrics statements="1" coveredstatements="1" conditionals="0" coveredconditionals="0" methods="1" coveredmethods="1"/>
          <line num="90" count="1" type="stmt"/>
        </file>
        <file name="PeterDemo.vue" path="/Users/mikey/Desktop/cse112-placeholder-name/src/components/PeterDemo.vue">
          <metrics statements="16" coveredstatements="0" conditionals="2" coveredconditionals="0" methods="7" coveredmethods="0"/>
          <line num="14" count="0" type="stmt"/>
          <line num="16" count="0" type="stmt"/>
          <line num="17" count="0" type="stmt"/>
          <line num="18" count="0" type="stmt"/>
          <line num="19" count="0" type="stmt"/>
          <line num="21" count="0" type="stmt"/>
          <line num="51" count="0" type="stmt"/>
          <line num="64" count="0" type="stmt"/>
          <line num="70" count="0" type="stmt"/>
          <line num="73" count="0" type="stmt"/>
          <line num="76" count="0" type="stmt"/>
          <line num="79" count="0" type="cond" truecount="0" falsecount="2"/>
          <line num="80" count="0" type="stmt"/>
          <line num="81" count="0" type="stmt"/>
          <line num="83" count="0" type="stmt"/>
          <line num="84" count="0" type="stmt"/>
        </file>
      </package>
    </metrics>
  </project>
</coverage>
