{"/Users/mikey/Desktop/cse112-placeholder-name/src/App.vue": {"path":"/Users/mikey/Desktop/cse112-placeholder-name/src/App.vue","statementMap":{"0":{"start":{"line":8,"column":0},"end":{"line":null,"column":-1}},"1":{"start":{"line":9,"column":0},"end":{"line":null,"column":-1}},"2":{"start":{"line":19,"column":0},"end":{"line":null,"column":-1}}},"fnMap":{"0":{"name":"data","decl":{"start":{"line":18,"column":0},"end":{"line":null,"column":-1}},"loc":{"start":{"line":18,"column":0},"end":{"line":21,"column":0}}},"1":{"name":"created","decl":{"start":{"line":25,"column":0},"end":{"line":null,"column":-1}},"loc":{"start":{"line":25,"column":0},"end":{"line":null,"column":-1}}}},"branchMap":{},"s":{"0":0,"1":0,"2":0},"f":{"0":0,"1":0},"b":{}}
,"/Users/mikey/Desktop/cse112-placeholder-name/src/components/HelloWorld.vue": {"path":"/Users/mikey/Desktop/cse112-placeholder-name/src/components/HelloWorld.vue","statementMap":{"0":{"start":{"line":90,"column":0},"end":{"line":null,"column":-1}}},"fnMap":{"0":{"name":"data","decl":{"start":{"line":89,"column":0},"end":{"line":null,"column":-1}},"loc":{"start":{"line":89,"column":0},"end":{"line":93,"column":0}}}},"branchMap":{},"s":{"0":1},"f":{"0":1},"b":{}}
,"/Users/mikey/Desktop/cse112-placeholder-name/src/components/PeterDemo.vue": {"path":"/Users/mikey/Desktop/cse112-placeholder-name/src/components/PeterDemo.vue","statementMap":{"0":{"start":{"line":14,"column":0},"end":{"line":null,"column":-1}},"1":{"start":{"line":16,"column":0},"end":{"line":null,"column":-1}},"2":{"start":{"line":17,"column":0},"end":{"line":null,"column":-1}},"3":{"start":{"line":18,"column":0},"end":{"line":null,"column":-1}},"4":{"start":{"line":19,"column":0},"end":{"line":null,"column":-1}},"5":{"start":{"line":21,"column":0},"end":{"line":null,"column":-1}},"6":{"start":{"line":51,"column":0},"end":{"line":null,"column":-1}},"7":{"start":{"line":64,"column":0},"end":{"line":null,"column":-1}},"8":{"start":{"line":70,"column":0},"end":{"line":null,"column":-1}},"9":{"start":{"line":73,"column":0},"end":{"line":null,"column":-1}},"10":{"start":{"line":76,"column":0},"end":{"line":null,"column":-1}},"11":{"start":{"line":79,"column":0},"end":{"line":85,"column":0}},"12":{"start":{"line":80,"column":0},"end":{"line":null,"column":-1}},"13":{"start":{"line":81,"column":0},"end":{"line":null,"column":-1}},"14":{"start":{"line":83,"column":0},"end":{"line":null,"column":-1}},"15":{"start":{"line":84,"column":0},"end":{"line":null,"column":-1}}},"fnMap":{"0":{"name":"data","decl":{"start":{"line":50,"column":0},"end":{"line":null,"column":-1}},"loc":{"start":{"line":50,"column":0},"end":{"line":60,"column":0}}},"1":{"name":"bgc","decl":{"start":{"line":63,"column":0},"end":{"line":null,"column":-1}},"loc":{"start":{"line":63,"column":0},"end":{"line":65,"column":0}}},"2":{"name":"onOk","decl":{"start":{"line":69,"column":0},"end":{"line":null,"column":-1}},"loc":{"start":{"line":69,"column":0},"end":{"line":71,"column":0}}},"3":{"name":"onCancel","decl":{"start":{"line":72,"column":0},"end":{"line":null,"column":-1}},"loc":{"start":{"line":72,"column":0},"end":{"line":74,"column":0}}},"4":{"name":"updateValue","decl":{"start":{"line":75,"column":0},"end":{"line":null,"column":-1}},"loc":{"start":{"line":75,"column":0},"end":{"line":77,"column":0}}},"5":{"name":"updateRepeat","decl":{"start":{"line":78,"column":0},"end":{"line":null,"column":-1}},"loc":{"start":{"line":78,"column":0},"end":{"line":86,"column":0}}},"6":{"name":"created","decl":{"start":{"line":88,"column":0},"end":{"line":null,"column":-1}},"loc":{"start":{"line":88,"column":0},"end":{"line":null,"column":-1}}}},"branchMap":{"0":{"loc":{"start":{"line":79,"column":0},"end":{"line":85,"column":0}},"type":"if","locations":[{"start":{"line":79,"column":0},"end":{"line":85,"column":0}},{"start":{"line":79,"column":0},"end":{"line":85,"column":0}}]}},"s":{"0":0,"1":0,"2":0,"3":0,"4":0,"5":0,"6":0,"7":0,"8":0,"9":0,"10":0,"11":0,"12":0,"13":0,"14":0,"15":0},"f":{"0":0,"1":0,"2":0,"3":0,"4":0,"5":0,"6":0},"b":{"0":[0,0]}}
}
