TN:
SF:/Users/mikey/Desktop/cse112-placeholder-name/src/App.vue
FN:18,data
FN:25,created
FNF:2
FNH:0
FNDA:0,data
FNDA:0,created
DA:8,0
DA:9,0
DA:19,0
LF:3
LH:0
BRF:0
BRH:0
end_of_record
TN:
SF:/Users/mikey/Desktop/cse112-placeholder-name/src/components/HelloWorld.vue
FN:89,data
FNF:1
FNH:1
FNDA:1,data
DA:90,1
LF:1
LH:1
BRF:0
BRH:0
end_of_record
TN:
SF:/Users/mikey/Desktop/cse112-placeholder-name/src/components/PeterDemo.vue
FN:50,data
FN:63,bgc
FN:69,onOk
FN:72,onCancel
FN:75,updateValue
FN:78,updateRepeat
FN:88,created
FNF:7
FNH:0
FNDA:0,data
FNDA:0,bgc
FNDA:0,onOk
FNDA:0,onCancel
FNDA:0,updateValue
FNDA:0,updateRepeat
FNDA:0,created
DA:14,0
DA:16,0
DA:17,0
DA:18,0
DA:19,0
DA:21,0
DA:51,0
DA:64,0
DA:70,0
DA:73,0
DA:76,0
DA:79,0
DA:80,0
DA:81,0
DA:83,0
DA:84,0
LF:16
LH:0
BRDA:79,0,0,0
BRDA:79,0,1,0
BRF:2
BRH:0
end_of_record
