{"/Users/mikey/Desktop/cse112-placeholder-name/src/main.js": {"path":"/Users/mikey/Desktop/cse112-placeholder-name/src/main.js","statementMap":{"0":{"start":{"line":3,"column":0},"end":{"line":null,"column":-1}},"1":{"start":{"line":4,"column":0},"end":{"line":null,"column":-1}},"2":{"start":{"line":5,"column":0},"end":{"line":null,"column":-1}},"3":{"start":{"line":7,"column":0},"end":{"line":null,"column":-1}},"4":{"start":{"line":10,"column":0},"end":{"line":null,"column":-1}}},"fnMap":{},"branchMap":{},"s":{"0":0,"1":0,"2":0,"3":0,"4":0},"f":{},"b":{}}
,"/Users/mikey/Desktop/cse112-placeholder-name/src/router/index.js": {"path":"/Users/mikey/Desktop/cse112-placeholder-name/src/router/index.js","statementMap":{"0":{"start":{"line":1,"column":12},"end":{"line":1,"column":0}},"1":{"start":{"line":2,"column":15},"end":{"line":2,"column":0}},"2":{"start":{"line":3,"column":19},"end":{"line":3,"column":0}}},"fnMap":{},"branchMap":{},"s":{"0":0,"1":0,"2":0},"f":{},"b":{}}
}
